2025-01-01 10:00:01 INFO Application started
2025-01-01 10:00:02 INFO Loading configuration
2025-01-01 10:00:03 INFO Connecting to database
2025-01-01 10:00:04 INFO Database connection successful
2025-01-01 10:00:05 INFO Starting web server
2025-01-01 10:00:06 INFO Server listening on port 8080
2025-01-01 10:00:07 INFO Health check passed
2025-01-01 10:00:08 INFO User login successful
2025-01-01 10:00:09 INFO Request processed successfully
2025-01-01 10:00:10 INFO Request processed successfully
2025-01-01 10:00:11 INFO Request processed successfully
2025-01-01 10:00:12 WARN High memory usage detected
2025-01-01 10:00:13 INFO Memory usage normalized
2025-01-01 10:00:14 INFO Request processed successfully
2025-01-01 10:00:15 ERROR Failed to fetch user profile
2025-01-01 10:00:16 INFO Retrying request
2025-01-01 10:00:17 INFO Request successful after retry
2025-01-01 10:00:18 INFO User logout
2025-01-01 10:00:19 INFO New user registration
2025-01-01 10:00:20 INFO Email sent to user
2025-01-01 10:00:21 INFO Background job started
2025-01-01 10:00:22 INFO Background job completed
2025-01-01 10:00:23 WARN Disk usage at 75%
2025-01-01 10:00:24 INFO Disk cleanup started
2025-01-01 10:00:25 INFO Disk cleanup completed
2025-01-01 10:00:26 INFO Request processed successfully
2025-01-01 10:00:27 INFO Request processed successfully
2025-01-01 10:00:28 ERROR Database timeout occurred
2025-01-01 10:00:29 INFO Database reconnection attempt
2025-01-01 10:00:30 INFO Database reconnected
2025-01-01 10:00:31 INFO Request processed successfully
2025-01-01 10:00:32 INFO Cache cleared
2025-01-01 10:00:33 INFO Request processed successfully
2025-01-01 10:00:34 WARN API response slow
2025-01-01 10:00:35 INFO API response normal
2025-01-01 10:00:36 INFO Request processed successfully
2025-01-01 10:00:37 INFO Request processed successfully
2025-01-01 10:00:38 ERROR Invalid authentication token
2025-01-01 10:00:39 INFO User re-authenticated
2025-01-01 10:00:40 INFO Request processed successfully
2025-01-01 10:00:41 INFO Request processed successfully
2025-01-01 10:00:42 INFO Scheduler started
2025-01-01 10:00:43 INFO Scheduled job executed
2025-01-01 10:00:44 INFO Scheduled job completed
2025-01-01 10:00:45 WARN CPU usage at 82%
2025-01-01 10:00:46 INFO CPU usage normal
2025-01-01 10:00:47 INFO Request processed successfully
2025-01-01 10:00:48 INFO Request processed successfully
2025-01-01 10:00:49 ERROR Service nginx stopped unexpectedly
2025-01-01 10:00:50 INFO Restarting nginx service
2025-01-01 10:00:51 INFO nginx service restarted
2025-01-01 10:00:52 INFO Request processed successfully
2025-01-01 10:00:53 INFO Request processed successfully
2025-01-01 10:00:54 INFO Backup process started
2025-01-01 10:00:55 INFO Backup in progress
2025-01-01 10:00:56 INFO Backup completed successfully
2025-01-01 10:00:57 INFO Request processed successfully
2025-01-01 10:00:58 WARN Low disk space on /var
2025-01-01 10:00:59 INFO Disk space freed
2025-01-01 10:01:00 INFO Request processed successfully
2025-01-01 10:01:01 INFO Request processed successfully
2025-01-01 10:01:02 ERROR Failed to connect to external API
2025-01-01 10:01:03 INFO Retrying API call
2025-01-01 10:01:04 INFO API call successful
2025-01-01 10:01:05 INFO Request processed successfully
2025-01-01 10:01:06 INFO Request processed successfully
2025-01-01 10:01:07 INFO Request processed successfully
2025-01-01 10:01:08 INFO Request processed successfully
2025-01-01 10:01:09 INFO Request processed successfully
2025-01-01 10:01:10 INFO Request processed successfully
2025-01-01 10:01:11 INFO Request processed successfully
2025-01-01 10:01:12 INFO Request processed successfully
2025-01-01 10:01:13 INFO Request processed successfully
2025-01-01 10:01:14 INFO Request processed successfully
2025-01-01 10:01:15 INFO Application running normally
